E:\TESTDEMO\C++调用TESTDEMO1\PYINTERFACE\PYINTERFACE\RELEASE\PYINTERFACE.PCH
E:\TESTDEMO\C++调用TESTDEMO1\PYINTERFACE\PYINTERFACE\RELEASE\STDAFX.OBJ
E:\TESTDEMO\C++调用TESTDEMO1\PYINTERFACE\PYINTERFACE\RELEASE\VC110.PDB
E:\TESTDEMO\C++调用TESTDEMO1\PYINTERFACE\PYINTERFACE\RELEASE\DLLMAIN.OBJ
E:\TESTDEMO\C++调用TESTDEMO1\PYINTERFACE\PYINTERFACE\RELEASE\STRINGREVERSE.OBJ
E:\TESTDEMO\C++调用TESTDEMO1\PYINTERFACE\PYINTERFACE\RELEASE\PYINTERFACE.OBJ
E:\TESTDEMO\C++调用TESTDEMO1\PYINTERFACE\RELEASE\PYINTERFACE.DLL
E:\TESTDEMO\C++调用TESTDEMO1\PYINTERFACE\RELEASE\PYINTERFACE.PDB
E:\TestDemo\C++调用TestDemo1\PyInterface\Release\PyInterface.lib
E:\TestDemo\C++调用TestDemo1\PyInterface\Release\PyInterface.exp
E:\TestDemo\C++调用TestDemo1\PyInterface\PyInterface\Release\dllmain.obj
E:\TestDemo\C++调用TestDemo1\PyInterface\PyInterface\Release\PyInterface.obj
E:\TestDemo\C++调用TestDemo1\PyInterface\PyInterface\Release\stdafx.obj
E:\TestDemo\C++调用TestDemo1\PyInterface\PyInterface\Release\StringReverse.obj
E:\TestDemo\C++调用TestDemo1\PyInterface\PyInterface\Release\cl.command.1.tlog
E:\TestDemo\C++调用TestDemo1\PyInterface\PyInterface\Release\CL.read.1.tlog
E:\TestDemo\C++调用TestDemo1\PyInterface\PyInterface\Release\CL.write.1.tlog
E:\TestDemo\C++调用TestDemo1\PyInterface\PyInterface\Release\link-cvtres.read.1.tlog
E:\TestDemo\C++调用TestDemo1\PyInterface\PyInterface\Release\link-cvtres.write.1.tlog
E:\TestDemo\C++调用TestDemo1\PyInterface\PyInterface\Release\link-rc.read.1.tlog
E:\TestDemo\C++调用TestDemo1\PyInterface\PyInterface\Release\link-rc.write.1.tlog
E:\TestDemo\C++调用TestDemo1\PyInterface\PyInterface\Release\link.command.1.tlog
E:\TestDemo\C++调用TestDemo1\PyInterface\PyInterface\Release\link.read.1.tlog
E:\TestDemo\C++调用TestDemo1\PyInterface\PyInterface\Release\link.write.1.tlog
E:\TestDemo\C++调用TestDemo1\PyInterface\PyInterface\Release\PyInterface.write.1.tlog
E:\TestDemo\C++调用TestDemo1\PyInterface\PyInterface\Release\PyInterface.pch
E:\TestDemo\C++调用TestDemo1\PyInterface\PyInterface\Release\vc110.pdb
E:\TestDemo\C++调用TestDemo1\PyInterface\Release\PyInterface.pdb
E:\TestDemo\C++调用TestDemo1\PyInterface\Release\PyInterface.dll
