生成启动时间为 2016/09/14 15:14:29。
     1>项目“E:\TestDemo\C++调用TestDemo1\PyInterface\PyInterface\PyInterface.vcxproj”在节点 2 上(Rebuild 个目标)。
     1>ClCompile:
         C:\Program Files (x86)\Microsoft Visual Studio 11.0\VC\bin\CL.exe /c /IC:\Python35\include /Zi /nologo /W3 /WX- /sdl /O2 /Oi /Oy- /GL /D WIN32 /D NDEBUG /D _WINDOWS /D _USRDLL /D PYINTERFACE_EXPORTS /D _WINDLL /D _UNICODE /D UNICODE /Gm- /EHsc /MD /GS /Gy /fp:precise /Zc:wchar_t /Zc:forScope /Yc"stdafx.h" /Fp"Release\PyInterface.pch" /Fo"Release\\" /Fd"Release\vc110.pdb" /Gd /TP /analyze- /errorReport:prompt stdafx.cpp
         stdafx.cpp
         C:\Program Files (x86)\Microsoft Visual Studio 11.0\VC\bin\CL.exe /c /IC:\Python35\include /Zi /nologo /W3 /WX- /sdl /O2 /Oi /Oy- /GL /D WIN32 /D NDEBUG /D _WINDOWS /D _USRDLL /D PYINTERFACE_EXPORTS /D _WINDLL /D _UNICODE /D UNICODE /Gm- /EHsc /MD /GS /Gy /fp:precise /Zc:wchar_t /Zc:forScope /Fo"Release\\" /Fd"Release\vc110.pdb" /Gd /TP /analyze- /errorReport:prompt dllmain.cpp
         dllmain.cpp
         C:\Program Files (x86)\Microsoft Visual Studio 11.0\VC\bin\CL.exe /c /IC:\Python35\include /Zi /nologo /W3 /WX- /sdl /O2 /Oi /Oy- /GL /D WIN32 /D NDEBUG /D _WINDOWS /D _USRDLL /D PYINTERFACE_EXPORTS /D _WINDLL /D _UNICODE /D UNICODE /Gm- /EHsc /MD /GS /Gy /fp:precise /Zc:wchar_t /Zc:forScope /Yu"stdafx.h" /Fp"Release\PyInterface.pch" /Fo"Release\\" /Fd"Release\vc110.pdb" /Gd /TP /analyze- /errorReport:prompt PyInterface.cpp StringReverse.cpp
         PyInterface.cpp
     1>PyInterface.cpp(62): warning C4101: “szB”: 未引用的局部变量
     1>PyInterface.cpp(61): warning C4101: “szA”: 未引用的局部变量
         StringReverse.cpp
       Link:
         C:\Program Files (x86)\Microsoft Visual Studio 11.0\VC\bin\link.exe /ERRORREPORT:PROMPT /OUT:"E:\TestDemo\C++调用TestDemo1\PyInterface\Release\PyInterface.dll" /INCREMENTAL:NO /NOLOGO /LIBPATH:C:\Python35\libs kernel32.lib user32.lib gdi32.lib winspool.lib comdlg32.lib advapi32.lib shell32.lib ole32.lib oleaut32.lib uuid.lib odbc32.lib odbccp32.lib python35.lib kernel32.lib user32.lib gdi32.lib winspool.lib comdlg32.lib advapi32.lib shell32.lib ole32.lib oleaut32.lib uuid.lib odbc32.lib odbccp32.lib /MANIFEST /MANIFESTUAC:"level='asInvoker' uiAccess='false'" /manifest:embed /DEBUG /PDB:"E:\TestDemo\C++调用TestDemo1\PyInterface\Release\PyInterface.pdb" /SUBSYSTEM:WINDOWS /OPT:REF /OPT:ICF /LTCG /TLBID:1 /DYNAMICBASE /NXCOMPAT /IMPLIB:"E:\TestDemo\C++调用TestDemo1\PyInterface\Release\PyInterface.lib" /MACHINE:X86 /SAFESEH /DLL Release\dllmain.obj
         Release\PyInterface.obj
         Release\stdafx.obj
         Release\StringReverse.obj
            正在创建库 E:\TestDemo\C++调用TestDemo1\PyInterface\Release\PyInterface.lib 和对象 E:\TestDemo\C++调用TestDemo1\PyInterface\Release\PyInterface.exp
         正在生成代码
         已完成代码的生成
         PyInterface.vcxproj -> E:\TestDemo\C++调用TestDemo1\PyInterface\Release\PyInterface.dll
     1>已完成生成项目“E:\TestDemo\C++调用TestDemo1\PyInterface\PyInterface\PyInterface.vcxproj”(Rebuild 个目标)的操作。

生成成功。

已用时间 00:00:01.99
